[INFO][21-03-07][com.xjm.dao.UserMapperTest]info：进入selectUser方法
[DEBUG][21-03-07][com.xjm.dao.UserMapperTest]debug：进入selectUser方法
[ERROR][21-03-07][com.xjm.dao.UserMapperTest]error: 进入selectUser方法
[DEBUG][21-03-07][org.apache.ibatis.logging.LogFactory]Logging initialized using 'class org.apache.ibatis.logging.log4j.Log4jImpl' adapter.
[DEBUG][21-03-07][org.apache.ibatis.logging.LogFactory]Logging initialized using 'class org.apache.ibatis.logging.log4j.Log4jImpl' adapter.
[DEBUG][21-03-07][org.apache.ibatis.datasource.pooled.PooledDataSource]PooledDataSource forcefully closed/removed all connections.
[DEBUG][21-03-07][org.apache.ibatis.datasource.pooled.PooledDataSource]PooledDataSource forcefully closed/removed all connections.
[DEBUG][21-03-07][org.apache.ibatis.datasource.pooled.PooledDataSource]PooledDataSource forcefully closed/removed all connections.
[DEBUG][21-03-07][org.apache.ibatis.datasource.pooled.PooledDataSource]PooledDataSource forcefully closed/removed all connections.
[DEBUG][21-03-07][org.apache.ibatis.transaction.jdbc.JdbcTransaction]Opening JDBC Connection
[DEBUG][21-03-07][org.apache.ibatis.datasource.pooled.PooledDataSource]Created connection 323326911.
[DEBUG][21-03-07][org.apache.ibatis.transaction.jdbc.JdbcTransaction]Setting autocommit to false on JDBC Connection [com.mysql.jdbc.JDBC4Connection@134593bf]
[DEBUG][21-03-07][com.xjm.dao.UserMapper.selectUser]==>  Preparing: select * from mybatis.user 
[DEBUG][21-03-07][com.xjm.dao.UserMapper.selectUser]==> Parameters: 
[DEBUG][21-03-07][com.xjm.dao.UserMapper.selectUser]<==      Total: 4
[DEBUG][21-03-07][org.apache.ibatis.transaction.jdbc.JdbcTransaction]Resetting autocommit to true on JDBC Connection [com.mysql.jdbc.JDBC4Connection@134593bf]
[DEBUG][21-03-07][org.apache.ibatis.transaction.jdbc.JdbcTransaction]Closing JDBC Connection [com.mysql.jdbc.JDBC4Connection@134593bf]
[DEBUG][21-03-07][org.apache.ibatis.datasource.pooled.PooledDataSource]Returned connection 323326911 to pool.
[INFO][21-03-07][com.xjm.dao.UserMapperTest]info：进入selectUser方法
[DEBUG][21-03-07][com.xjm.dao.UserMapperTest]debug：进入selectUser方法
[ERROR][21-03-07][com.xjm.dao.UserMapperTest]error: 进入selectUser方法
[DEBUG][21-03-07][org.apache.ibatis.logging.LogFactory]Logging initialized using 'class org.apache.ibatis.logging.log4j.Log4jImpl' adapter.
[DEBUG][21-03-07][org.apache.ibatis.logging.LogFactory]Logging initialized using 'class org.apache.ibatis.logging.log4j.Log4jImpl' adapter.
[DEBUG][21-03-07][org.apache.ibatis.datasource.pooled.PooledDataSource]PooledDataSource forcefully closed/removed all connections.
[DEBUG][21-03-07][org.apache.ibatis.datasource.pooled.PooledDataSource]PooledDataSource forcefully closed/removed all connections.
[DEBUG][21-03-07][org.apache.ibatis.datasource.pooled.PooledDataSource]PooledDataSource forcefully closed/removed all connections.
[DEBUG][21-03-07][org.apache.ibatis.datasource.pooled.PooledDataSource]PooledDataSource forcefully closed/removed all connections.
[DEBUG][21-03-07][org.apache.ibatis.transaction.jdbc.JdbcTransaction]Opening JDBC Connection
[DEBUG][21-03-07][org.apache.ibatis.datasource.pooled.PooledDataSource]Created connection 2024542466.
[DEBUG][21-03-07][org.apache.ibatis.transaction.jdbc.JdbcTransaction]Setting autocommit to false on JDBC Connection [com.mysql.jdbc.JDBC4Connection@78ac1102]
[DEBUG][21-03-07][com.xjm.dao.UserMapper.selectUser]==>  Preparing: select * from mybatis.user 
[DEBUG][21-03-07][com.xjm.dao.UserMapper.selectUser]==> Parameters: 
[DEBUG][21-03-07][com.xjm.dao.UserMapper.selectUser]<==      Total: 4
[DEBUG][21-03-07][org.apache.ibatis.transaction.jdbc.JdbcTransaction]Resetting autocommit to true on JDBC Connection [com.mysql.jdbc.JDBC4Connection@78ac1102]
[DEBUG][21-03-07][org.apache.ibatis.transaction.jdbc.JdbcTransaction]Closing JDBC Connection [com.mysql.jdbc.JDBC4Connection@78ac1102]
[DEBUG][21-03-07][org.apache.ibatis.datasource.pooled.PooledDataSource]Returned connection 2024542466 to pool.
